<?xml version="1.0" encoding="UTF-8"?>
<testsuite name="no.nav.syfo.api.endpoints.PodApiSpek" tests="6" skipped="0" failures="0" errors="0" timestamp="2024-03-20T14:41:13" hostname="DESKTOP-UB50EIJ" time="0.379">
  <properties/>
  <testcase name="Returns ok on is_alive" classname="no.nav.syfo.api.endpoints.PodApiSpek" time="0.233"/>
  <testcase name="Returns ok on is_alive" classname="no.nav.syfo.api.endpoints.PodApiSpek" time="0.117"/>
  <testcase name="Returns internal server error when liveness check fails" classname="no.nav.syfo.api.endpoints.PodApiSpek" time="0.004"/>
  <testcase name="Returns internal server error when readiness check fails" classname="no.nav.syfo.api.endpoints.PodApiSpek" time="0.004"/>
  <testcase name="Returns ok on is_alive" classname="no.nav.syfo.api.endpoints.PodApiSpek" time="0.004"/>
  <testcase name="Returns internal server error when readiness check fails" classname="no.nav.syfo.api.endpoints.PodApiSpek" time="0.004"/>
  <system-out><![CDATA[]]></system-out>
  <system-err><![CDATA[]]></system-err>
</testsuite>
